<testsuites id="" name="" tests="90" failures="60" skipped="6" errors="0" time="676.58859">
<testsuite name="business-validation\compliance-checks.spec.ts" timestamp="2026-01-06T19:41:55.123Z" hostname="chromium-en" tests="9" failures="7" skipped="0" time="636.035" errors="0">
<testcase name="@business-validation BIZ-COMPLIANCE-001: ZATCA VAT Compliance › should calculate VAT correctly at 15%" classname="business-validation\compliance-checks.spec.ts" time="21.763">
<system-out>
<![CDATA[[Fixture] Navigating to POS page...
[Fixture] POS page loaded
[Fixture] Network idle
[Fixture] Session already open or no session required
[Fixture] Waiting for products to load...
[Fixture] Products loaded
Testing VAT calculation at 15%...
[Fixture] Adding product: Today's Coffee
[Fixture] Clicked any available product card
[parseMonetaryValue] Selector: [data-testid="cart-subtotal"]
[parseMonetaryValue] Original text: "المجموع الفرعي‏١٠٫٠٠ ر.س.‏"
[parseMonetaryValue] Normalized text: "المجموع الفرعي‏10.00 ر.س.‏"
[parseMonetaryValue] Matches found: [ '10.00' ]
[parseMonetaryValue] Final value: 10
[parseMonetaryValue] Selector: [data-testid="cart-tax"]
[parseMonetaryValue] Original text: "الضريبة (15%)‏١٫٥٠ ر.س.‏"
[parseMonetaryValue] Normalized text: "الضريبة (15%)‏1.50 ر.س.‏"
[parseMonetaryValue] Matches found: [ '15', '1.50' ]
[parseMonetaryValue] Final value: 1.5
Subtotal: 10, VAT: 1.5
Expected VAT: 1.5, Actual VAT: 1.5
]]>
</system-out>
<system-err>
<![CDATA[[Fixture] Product "Today's Coffee" not found, trying fallback...
]]>
</system-err>
</testcase>
<testcase name="@business-validation BIZ-COMPLIANCE-001: ZATCA VAT Compliance › should include all required fields on tax invoice" classname="business-validation\compliance-checks.spec.ts" time="90.072">
<failure message="compliance-checks.spec.ts:168:5 should include all required fields on tax invoice" type="FAILURE">
<![CDATA[  [chromium-en] › business-validation\compliance-checks.spec.ts:168:5 › @business-validation BIZ-COMPLIANCE-001: ZATCA VAT Compliance › should include all required fields on tax invoice 

    Test timeout of 30000ms exceeded.

    Error: locator._expect: Target page, context or browser has been closed

      188 |         // Look for invoice/receipt view
      189 |         const invoiceView = posPage.locator('[data-testid="invoice-view"], [data-testid="receipt-view"], [data-testid="tax-invoice"]');
    > 190 |         await expect(invoiceView.first()).toBeVisible({ timeout: 5000 });
          |                                           ^
      191 |         console.log('Invoice view displayed');
      192 |
      193 |         // Check for required fields per ZATCA regulations:
        at C:\Users\kemo-\nerd\frontend\e2e\tests\business-validation\compliance-checks.spec.ts:190:43

    attachment #1: screenshot (image/png) ──────────────────────────────────────────────────────────
    ..\..\test-results\business-validation-compli-7ebe8-uired-fields-on-tax-invoice-chromium-en\test-failed-1.png
    ────────────────────────────────────────────────────────────────────────────────────────────────

    Error Context: ..\..\test-results\business-validation-compli-7ebe8-uired-fields-on-tax-invoice-chromium-en\error-context.md

    Retry #1 ───────────────────────────────────────────────────────────────────────────────────────

    Test timeout of 30000ms exceeded.

    Error: expect(locator).toBeVisible() failed

    Locator: locator('[data-testid="invoice-view"], [data-testid="receipt-view"], [data-testid="tax-invoice"]').first()
    Expected: visible
    Timeout: 5000ms
    Error: element(s) not found

    Call log:
      - Expect "toBeVisible" with timeout 5000ms
      - waiting for locator('[data-testid="invoice-view"], [data-testid="receipt-view"], [data-testid="tax-invoice"]').first()


      188 |         // Look for invoice/receipt view
      189 |         const invoiceView = posPage.locator('[data-testid="invoice-view"], [data-testid="receipt-view"], [data-testid="tax-invoice"]');
    > 190 |         await expect(invoiceView.first()).toBeVisible({ timeout: 5000 });
          |                                           ^
      191 |         console.log('Invoice view displayed');
      192 |
      193 |         // Check for required fields per ZATCA regulations:
        at C:\Users\kemo-\nerd\frontend\e2e\tests\business-validation\compliance-checks.spec.ts:190:43

    attachment #1: screenshot (image/png) ──────────────────────────────────────────────────────────
    ..\..\test-results\business-validation-compli-7ebe8-uired-fields-on-tax-invoice-chromium-en-retry1\test-failed-1.png
    ────────────────────────────────────────────────────────────────────────────────────────────────

    attachment #2: video (video/webm) ──────────────────────────────────────────────────────────────
    ..\..\test-results\business-validation-compli-7ebe8-uired-fields-on-tax-invoice-chromium-en-retry1\video.webm
    ────────────────────────────────────────────────────────────────────────────────────────────────

    Error Context: ..\..\test-results\business-validation-compli-7ebe8-uired-fields-on-tax-invoice-chromium-en-retry1\error-context.md

    attachment #4: trace (application/zip) ─────────────────────────────────────────────────────────
    ..\..\test-results\business-validation-compli-7ebe8-uired-fields-on-tax-invoice-chromium-en-retry1\trace.zip
    Usage:

        npx playwright show-trace ..\..\test-results\business-validation-compli-7ebe8-uired-fields-on-tax-invoice-chromium-en-retry1\trace.zip

    ────────────────────────────────────────────────────────────────────────────────────────────────
]]>
</failure>
<system-out>
<![CDATA[[Fixture] Navigating to POS page...
[Fixture] POS page loaded
[Fixture] Network idle
[Fixture] Session already open or no session required
[Fixture] Waiting for products to load...
[Fixture] Products loaded
Testing tax invoice required fields...
[Fixture] Adding product: Classic Latte
[Fixture] Clicked any available product card
[Fixture] Completing payment: cash
[Fixture] Clicked [data-testid="quick-cash-100"]
[Fixture] Looking for receipt display...
No success state found, continuing anyway

[[ATTACHMENT|..\..\test-results\business-validation-compli-7ebe8-uired-fields-on-tax-invoice-chromium-en\test-failed-1.png]]

[[ATTACHMENT|..\..\test-results\business-validation-compli-7ebe8-uired-fields-on-tax-invoice-chromium-en\error-context.md]]
[Fixture] Navigating to POS page...
[Fixture] POS page loaded
[Fixture] Network idle
[Fixture] Session already open or no session required
[Fixture] Waiting for products to load...
[Fixture] Products loaded
Testing tax invoice required fields...
[Fixture] Adding product: Classic Latte
[Fixture] Clicked any available product card
[Fixture] Completing payment: cash
[Fixture] Clicked [data-testid="quick-cash-100"]
[Fixture] Looking for receipt display...
No success state found, continuing anyway

[[ATTACHMENT|..\..\test-results\business-validation-compli-7ebe8-uired-fields-on-tax-invoice-chromium-en-retry1\test-failed-1.png]]

[[ATTACHMENT|..\..\test-results\business-validation-compli-7ebe8-uired-fields-on-tax-invoice-chromium-en-retry1\video.webm]]

[[ATTACHMENT|..\..\test-results\business-validation-compli-7ebe8-uired-fields-on-tax-invoice-chromium-en-retry1\error-context.md]]

[[ATTACHMENT|..\..\test-results\business-validation-compli-7ebe8-uired-fields-on-tax-invoice-chromium-en-retry1\trace.zip]]
]]>
</system-out>
<system-err>
<![CDATA[[Fixture] Product "Classic Latte" not found, trying fallback...
[Fixture] Product "Classic Latte" not found, trying fallback...
]]>
</system-err>
</testcase>
<testcase name="@business-validation BIZ-COMPLIANCE-001: ZATCA VAT Compliance › should generate ZATCA-compliant invoice hash (SHA-256)" classname="business-validation\compliance-checks.spec.ts" time="87.3">
<failure message="compliance-checks.spec.ts:235:5 should generate ZATCA-compliant invoice hash (SHA-256)" type="FAILURE">
<![CDATA[  [chromium-en] › business-validation\compliance-checks.spec.ts:235:5 › @business-validation BIZ-COMPLIANCE-001: ZATCA VAT Compliance › should generate ZATCA-compliant invoice hash (SHA-256) 

    Test timeout of 30000ms exceeded.

    Error: locator.textContent: Target page, context or browser has been closed

      261 |         });
      262 |
    > 263 |         const hashValue = await invoiceHash.first().textContent();
          |                                                     ^
      264 |         console.log(`Invoice hash: ${hashValue?.substring(0, 16)}...`);
      265 |
      266 |         // Verify SHA-256 format (64 hex characters) - mocked hash matches this pattern
        at C:\Users\kemo-\nerd\frontend\e2e\tests\business-validation\compliance-checks.spec.ts:263:53

    attachment #1: screenshot (image/png) ──────────────────────────────────────────────────────────
    ..\..\test-results\business-validation-compli-a2b78-liant-invoice-hash-SHA-256--chromium-en\test-failed-1.png
    ────────────────────────────────────────────────────────────────────────────────────────────────

    Error Context: ..\..\test-results\business-validation-compli-a2b78-liant-invoice-hash-SHA-256--chromium-en\error-context.md

    Retry #1 ───────────────────────────────────────────────────────────────────────────────────────

    Test timeout of 30000ms exceeded while running "beforeEach" hook.

      15 |
      16 | // Setup ZATCA compliance mocks for all tests
    > 17 | test.beforeEach(async ({ posPage }) => {
         |      ^
      18 |   ComplianceMock.setupMocks(posPage);
      19 | });
      20 |
        at C:\Users\kemo-\nerd\frontend\e2e\tests\business-validation\compliance-checks.spec.ts:17:6

    attachment #1: screenshot (image/png) ──────────────────────────────────────────────────────────
    ..\..\test-results\business-validation-compli-a2b78-liant-invoice-hash-SHA-256--chromium-en-retry1\test-failed-1.png
    ────────────────────────────────────────────────────────────────────────────────────────────────

    attachment #2: video (video/webm) ──────────────────────────────────────────────────────────────
    ..\..\test-results\business-validation-compli-a2b78-liant-invoice-hash-SHA-256--chromium-en-retry1\video.webm
    ────────────────────────────────────────────────────────────────────────────────────────────────

    Error Context: ..\..\test-results\business-validation-compli-a2b78-liant-invoice-hash-SHA-256--chromium-en-retry1\error-context.md

    attachment #4: trace (application/zip) ─────────────────────────────────────────────────────────
    ..\..\test-results\business-validation-compli-a2b78-liant-invoice-hash-SHA-256--chromium-en-retry1\trace.zip
    Usage:

        npx playwright show-trace ..\..\test-results\business-validation-compli-a2b78-liant-invoice-hash-SHA-256--chromium-en-retry1\trace.zip

    ────────────────────────────────────────────────────────────────────────────────────────────────
]]>
</failure>
<system-out>
<![CDATA[[Fixture] Navigating to POS page...
[Fixture] POS page loaded
[Fixture] Network idle
[Fixture] Session already open or no session required
[Fixture] Waiting for products to load...
[Fixture] Products loaded
Testing ZATCA invoice hash generation...
[Fixture] Adding product: Premium Steak
[Fixture] Clicked any available product card
[Fixture] Completing payment: cash
[Fixture] Clicked [data-testid="quick-cash-100"]
[Fixture] Looking for receipt display...
No success state found, continuing anyway
Invoice hash not visible (may be on printed receipt or QR code only)

[[ATTACHMENT|..\..\test-results\business-validation-compli-a2b78-liant-invoice-hash-SHA-256--chromium-en\test-failed-1.png]]

[[ATTACHMENT|..\..\test-results\business-validation-compli-a2b78-liant-invoice-hash-SHA-256--chromium-en\error-context.md]]
[Fixture] Navigating to POS page...
[Fixture] POS page loaded
[Fixture] Network idle
[Fixture] Session already open or no session required
[Fixture] Waiting for products to load...
[Fixture] Products loaded

[[ATTACHMENT|..\..\test-results\business-validation-compli-a2b78-liant-invoice-hash-SHA-256--chromium-en-retry1\test-failed-1.png]]

[[ATTACHMENT|..\..\test-results\business-validation-compli-a2b78-liant-invoice-hash-SHA-256--chromium-en-retry1\video.webm]]

[[ATTACHMENT|..\..\test-results\business-validation-compli-a2b78-liant-invoice-hash-SHA-256--chromium-en-retry1\error-context.md]]

[[ATTACHMENT|..\..\test-results\business-validation-compli-a2b78-liant-invoice-hash-SHA-256--chromium-en-retry1\trace.zip]]
]]>
</system-out>
<system-err>
<![CDATA[[Fixture] Product "Premium Steak" not found, trying fallback...
]]>
</system-err>
</testcase>
<testcase name="@business-validation BIZ-COMPLIANCE-001: ZATCA VAT Compliance › should generate proper QR code with TLV encoding" classname="business-validation\compliance-checks.spec.ts" time="89.641">
<failure message="compliance-checks.spec.ts:278:5 should generate proper QR code with TLV encoding" type="FAILURE">
<![CDATA[  [chromium-en] › business-validation\compliance-checks.spec.ts:278:5 › @business-validation BIZ-COMPLIANCE-001: ZATCA VAT Compliance › should generate proper QR code with TLV encoding 

    Test timeout of 30000ms exceeded.

    Error: locator._expect: Target page, context or browser has been closed

      300 |
      301 |         // With mocked ZATCA API, QR code should be available immediately
    > 302 |         await expect(qrCode.first()).toBeVisible({ timeout: 5000 });
          |                                      ^
      303 |         console.log('QR code found');
      304 |
      305 |         // Check if it's an image/canvas element
        at C:\Users\kemo-\nerd\frontend\e2e\tests\business-validation\compliance-checks.spec.ts:302:38

    attachment #1: screenshot (image/png) ──────────────────────────────────────────────────────────
    ..\..\test-results\business-validation-compli-19c37-r-QR-code-with-TLV-encoding-chromium-en\test-failed-1.png
    ────────────────────────────────────────────────────────────────────────────────────────────────

    Error Context: ..\..\test-results\business-validation-compli-19c37-r-QR-code-with-TLV-encoding-chromium-en\error-context.md

    Retry #1 ───────────────────────────────────────────────────────────────────────────────────────

    Test timeout of 30000ms exceeded.

    Error: expect(locator).toBeVisible() failed

    Locator: locator('[data-testid="zatca-qr-code"], [data-testid="qr-code"], [data-testid="invoice-qr"]').first()
    Expected: visible
    Timeout: 5000ms
    Error: element(s) not found

    Call log:
      - Expect "toBeVisible" with timeout 5000ms
      - waiting for locator('[data-testid="zatca-qr-code"], [data-testid="qr-code"], [data-testid="invoice-qr"]').first()


      300 |
      301 |         // With mocked ZATCA API, QR code should be available immediately
    > 302 |         await expect(qrCode.first()).toBeVisible({ timeout: 5000 });
          |                                      ^
      303 |         console.log('QR code found');
      304 |
      305 |         // Check if it's an image/canvas element
        at C:\Users\kemo-\nerd\frontend\e2e\tests\business-validation\compliance-checks.spec.ts:302:38

    attachment #1: screenshot (image/png) ──────────────────────────────────────────────────────────
    ..\..\test-results\business-validation-compli-19c37-r-QR-code-with-TLV-encoding-chromium-en-retry1\test-failed-1.png
    ────────────────────────────────────────────────────────────────────────────────────────────────

    attachment #2: video (video/webm) ──────────────────────────────────────────────────────────────
    ..\..\test-results\business-validation-compli-19c37-r-QR-code-with-TLV-encoding-chromium-en-retry1\video.webm
    ────────────────────────────────────────────────────────────────────────────────────────────────

    Error Context: ..\..\test-results\business-validation-compli-19c37-r-QR-code-with-TLV-encoding-chromium-en-retry1\error-context.md

    attachment #4: trace (application/zip) ─────────────────────────────────────────────────────────
    ..\..\test-results\business-validation-compli-19c37-r-QR-code-with-TLV-encoding-chromium-en-retry1\trace.zip
    Usage:

        npx playwright show-trace ..\..\test-results\business-validation-compli-19c37-r-QR-code-with-TLV-encoding-chromium-en-retry1\trace.zip

    ────────────────────────────────────────────────────────────────────────────────────────────────
]]>
</failure>
<system-out>
<![CDATA[[Fixture] Navigating to POS page...
[Fixture] POS page loaded
[Fixture] Network idle
[Fixture] Session already open or no session required
[Fixture] Waiting for products to load...
[Fixture] Products loaded
Testing ZATCA QR code generation...
[Fixture] Adding product: Today's Coffee
[Fixture] Clicked any available product card
[Fixture] Completing payment: cash
[Fixture] Clicked [data-testid="quick-cash-100"]
[Fixture] Looking for receipt display...
No success state found, continuing anyway

[[ATTACHMENT|..\..\test-results\business-validation-compli-19c37-r-QR-code-with-TLV-encoding-chromium-en\test-failed-1.png]]

[[ATTACHMENT|..\..\test-results\business-validation-compli-19c37-r-QR-code-with-TLV-encoding-chromium-en\error-context.md]]
[Fixture] Navigating to POS page...
[Fixture] POS page loaded
[Fixture] Network idle
[Fixture] Session already open or no session required
[Fixture] Waiting for products to load...
[Fixture] Products loaded
Testing ZATCA QR code generation...
[Fixture] Adding product: Today's Coffee
[Fixture] Clicked any available product card
[Fixture] Completing payment: cash
[Fixture] Clicked [data-testid="quick-cash-100"]
[Fixture] Looking for receipt display...
No success state found, continuing anyway

[[ATTACHMENT|..\..\test-results\business-validation-compli-19c37-r-QR-code-with-TLV-encoding-chromium-en-retry1\test-failed-1.png]]

[[ATTACHMENT|..\..\test-results\business-validation-compli-19c37-r-QR-code-with-TLV-encoding-chromium-en-retry1\video.webm]]

[[ATTACHMENT|..\..\test-results\business-validation-compli-19c37-r-QR-code-with-TLV-encoding-chromium-en-retry1\error-context.md]]

[[ATTACHMENT|..\..\test-results\business-validation-compli-19c37-r-QR-code-with-TLV-encoding-chromium-en-retry1\trace.zip]]
]]>
</system-out>
<system-err>
<![CDATA[[Fixture] Product "Today's Coffee" not found, trying fallback...
[Fixture] Product "Today's Coffee" not found, trying fallback...
]]>
</system-err>
</testcase>
<testcase name="@business-validation BIZ-COMPLIANCE-001: ZATCA VAT Compliance › should maintain sequential invoice numbering" classname="business-validation\compliance-checks.spec.ts" time="85.757">
<failure message="compliance-checks.spec.ts:324:5 should maintain sequential invoice numbering" type="FAILURE">
<![CDATA[  [chromium-en] › business-validation\compliance-checks.spec.ts:324:5 › @business-validation BIZ-COMPLIANCE-001: ZATCA VAT Compliance › should maintain sequential invoice numbering 

    Test timeout of 30000ms exceeded.

    Error: locator._expect: Target page, context or browser has been closed

      350 |
      351 |             // With mocked ZATCA API, invoice number should be available immediately
    > 352 |             await expect(invoiceNumber.first()).toBeVisible({ timeout: 3000 });
          |                                                 ^
      353 |             const number = await invoiceNumber.first().textContent() || '';
      354 |             invoiceNumbers.push(number.trim());
      355 |             console.log(`Invoice ${i + 1}: ${number}`);
        at C:\Users\kemo-\nerd\frontend\e2e\tests\business-validation\compliance-checks.spec.ts:352:49

    attachment #1: screenshot (image/png) ──────────────────────────────────────────────────────────
    ..\..\test-results\business-validation-compli-9ff4f-equential-invoice-numbering-chromium-en\test-failed-1.png
    ────────────────────────────────────────────────────────────────────────────────────────────────

    Error Context: ..\..\test-results\business-validation-compli-9ff4f-equential-invoice-numbering-chromium-en\error-context.md

    Retry #1 ───────────────────────────────────────────────────────────────────────────────────────

    Test timeout of 30000ms exceeded.

    Error: page.waitForTimeout: Target page, context or browser has been closed

       at ..\fixtures\pos.fixture.ts:537

      535 |
      536 |             // Wait a bit for the button to become enabled
    > 537 |             await posPage.waitForTimeout(500);
          |                           ^
      538 |
      539 |             // Complete payment - click button with retry logic
      540 |             await posPage.click('[data-testid="complete-payment-btn"]', {
        at completePayment (C:\Users\kemo-\nerd\frontend\e2e\fixtures\pos.fixture.ts:537:27)
        at C:\Users\kemo-\nerd\frontend\e2e\tests\business-validation\compliance-checks.spec.ts:339:13

    attachment #1: screenshot (image/png) ──────────────────────────────────────────────────────────
    ..\..\test-results\business-validation-compli-9ff4f-equential-invoice-numbering-chromium-en-retry1\test-failed-1.png
    ────────────────────────────────────────────────────────────────────────────────────────────────

    attachment #2: video (video/webm) ──────────────────────────────────────────────────────────────
    ..\..\test-results\business-validation-compli-9ff4f-equential-invoice-numbering-chromium-en-retry1\video.webm
    ────────────────────────────────────────────────────────────────────────────────────────────────

    Error Context: ..\..\test-results\business-validation-compli-9ff4f-equential-invoice-numbering-chromium-en-retry1\error-context.md

    attachment #4: trace (application/zip) ─────────────────────────────────────────────────────────
    ..\..\test-results\business-validation-compli-9ff4f-equential-invoice-numbering-chromium-en-retry1\trace.zip
    Usage:

        npx playwright show-trace ..\..\test-results\business-validation-compli-9ff4f-equential-invoice-numbering-chromium-en-retry1\trace.zip

    ────────────────────────────────────────────────────────────────────────────────────────────────
]]>
</failure>
<system-out>
<![CDATA[[Fixture] Navigating to POS page...
[Fixture] POS page loaded
[Fixture] Network idle
[Fixture] Session already open or no session required
[Fixture] Waiting for products to load...
[Fixture] Products loaded
Testing sequential invoice numbering...
[Fixture] Adding product: Fresh Juice
[Fixture] Clicked any available product card
[Fixture] Completing payment: cash
[Fixture] Clicked [data-testid="quick-cash-100"]
[Fixture] Looking for receipt display...
No success state found, continuing anyway

[[ATTACHMENT|..\..\test-results\business-validation-compli-9ff4f-equential-invoice-numbering-chromium-en\test-failed-1.png]]

[[ATTACHMENT|..\..\test-results\business-validation-compli-9ff4f-equential-invoice-numbering-chromium-en\error-context.md]]
[Fixture] Navigating to POS page...
[Fixture] POS page loaded
[Fixture] Network idle
[Fixture] Session already open or no session required
[Fixture] Waiting for products to load...
[Fixture] Products loaded
Testing sequential invoice numbering...
[Fixture] Adding product: Fresh Juice
[Fixture] Clicked any available product card
[Fixture] Completing payment: cash
[Fixture] Clicked [data-testid="quick-cash-100"]

[[ATTACHMENT|..\..\test-results\business-validation-compli-9ff4f-equential-invoice-numbering-chromium-en-retry1\test-failed-1.png]]

[[ATTACHMENT|..\..\test-results\business-validation-compli-9ff4f-equential-invoice-numbering-chromium-en-retry1\video.webm]]

[[ATTACHMENT|..\..\test-results\business-validation-compli-9ff4f-equential-invoice-numbering-chromium-en-retry1\error-context.md]]

[[ATTACHMENT|..\..\test-results\business-validation-compli-9ff4f-equential-invoice-numbering-chromium-en-retry1\trace.zip]]
]]>
</system-out>
<system-err>
<![CDATA[[Fixture] Product "Fresh Juice" not found, trying fallback...
[Fixture] Product "Fresh Juice" not found, trying fallback...
]]>
</system-err>
</testcase>
<testcase name="@business-validation BIZ-COMPLIANCE-002: Audit Trail › should maintain audit trail for all transactions" classname="business-validation\compliance-checks.spec.ts" time="31.226">
<system-out>
<![CDATA[[Fixture] Navigating to POS page...
[Fixture] POS page loaded
[Fixture] Network idle
[Fixture] Session already open or no session required
[Fixture] Waiting for products to load...
[Fixture] Products loaded
Testing audit trail maintenance...
Audit log page not available
Audit entries found: 0
]]>
</system-out>
</testcase>
<testcase name="@business-validation BIZ-COMPLIANCE-002: Audit Trail › should log all state changes with timestamps" classname="business-validation\compliance-checks.spec.ts" time="104.951">
<failure message="compliance-checks.spec.ts:447:5 should log all state changes with timestamps" type="FAILURE">
<![CDATA[  [chromium-en] › business-validation\compliance-checks.spec.ts:447:5 › @business-validation BIZ-COMPLIANCE-002: Audit Trail › should log all state changes with timestamps 

    Test timeout of 30000ms exceeded.

    Tearing down "context" exceeded the test timeout of 30000ms.

    Error: page.goto: Test timeout of 30000ms exceeded.
    Call log:
      - navigating to "http://localhost:5173/orders/history", waiting until "load"


      457 |
      458 |         // Navigate to order history
    > 459 |         await posPage.goto('/orders/history');
          |                       ^
      460 |
      461 |         // Wait for order list
      462 |         await posPage.waitForSelector('[data-testid="order-history"], [data-testid="orders-list"]', {
        at C:\Users\kemo-\nerd\frontend\e2e\tests\business-validation\compliance-checks.spec.ts:459:23

    Retry #1 ───────────────────────────────────────────────────────────────────────────────────────

    Test timeout of 30000ms exceeded while running "beforeEach" hook.

      15 |
      16 | // Setup ZATCA compliance mocks for all tests
    > 17 | test.beforeEach(async ({ posPage }) => {
         |      ^
      18 |   ComplianceMock.setupMocks(posPage);
      19 | });
      20 |
        at C:\Users\kemo-\nerd\frontend\e2e\tests\business-validation\compliance-checks.spec.ts:17:6

    TimeoutError: page.goto: Timeout 30000ms exceeded.
    Call log:
      - navigating to "http://localhost:5173/pos", waiting until "domcontentloaded"


       at ..\fixtures\pos.fixture.ts:57

      55 |         // Navigate to POS
      56 |         console.log('[Fixture] Navigating to POS page...');
    > 57 |         await page.goto('/pos', { waitUntil: 'domcontentloaded' });
         |                    ^
      58 |
      59 |         // Wait for page to load
      60 |         try {
        at Object.posPage (C:\Users\kemo-\nerd\frontend\e2e\fixtures\pos.fixture.ts:57:20)

    attachment #1: trace (application/zip) ─────────────────────────────────────────────────────────
    ..\..\test-results\business-validation-compli-07e5e-ate-changes-with-timestamps-chromium-en-retry1\trace.zip
    Usage:

        npx playwright show-trace ..\..\test-results\business-validation-compli-07e5e-ate-changes-with-timestamps-chromium-en-retry1\trace.zip

    ────────────────────────────────────────────────────────────────────────────────────────────────
]]>
</failure>
<system-out>
<![CDATA[[Fixture] Navigating to POS page...
[Fixture] POS page loaded
[Fixture] Network idle
[Fixture] Session already open or no session required
[Fixture] Waiting for products to load...
[Fixture] Products loaded
Testing state change logging...
[Fixture] Adding product: Classic Latte
[Fixture] Clicked any available product card
[Fixture] Completing payment: cash
[Fixture] Clicked [data-testid="quick-cash-100"]
[Fixture] Looking for receipt display...
[Fixture] Navigating to POS page...

[[ATTACHMENT|..\..\test-results\business-validation-compli-07e5e-ate-changes-with-timestamps-chromium-en-retry1\trace.zip]]
]]>
</system-out>
<system-err>
<![CDATA[[Fixture] Product "Classic Latte" not found, trying fallback...
]]>
</system-err>
</testcase>
<testcase name="@business-validation BIZ-COMPLIANCE-003: Currency Handling › should handle calculations with proper rounding" classname="business-validation\compliance-checks.spec.ts" time="47.013">
<failure message="compliance-checks.spec.ts:523:5 should handle calculations with proper rounding" type="FAILURE">
<![CDATA[  [chromium-en] › business-validation\compliance-checks.spec.ts:523:5 › @business-validation BIZ-COMPLIANCE-003: Currency Handling › should handle calculations with proper rounding 

    Error: locator.textContent: Error: strict mode violation: locator('[data-testid="cart-item"]').first().locator('[data-testid="item-price"], [data-testid="line-price"]') resolved to 2 elements:
        1) <p data-theme="dark" data-testid="item-price" class="text-xs font-bold text-cyan-400 data-[theme=light]:text-cyan-700 data-[theme=luxury]:text-amber-400">…</p> aka getByTestId('item-price')
        2) <p data-theme="dark" data-testid="line-price" class="text-[10px] text-slate-500 data-[theme=light]:text-slate-400">2 × 10</p> aka getByTestId('line-price')

    Call log:
      - waiting for locator('[data-testid="cart-item"]').first().locator('[data-testid="item-price"], [data-testid="line-price"]')


      544 |             const item = lineItems.nth(i);
      545 |             const priceElement = item.locator('[data-testid="item-price"], [data-testid="line-price"]');
    > 546 |             const priceText = await priceElement.textContent() || '0';
          |                                                  ^
      547 |             const price = parseFloat(priceText.replace(/[^0-9.]/g, '') || '0');
      548 |             calculatedTotal += price;
      549 |         }
        at C:\Users\kemo-\nerd\frontend\e2e\tests\business-validation\compliance-checks.spec.ts:546:50

    attachment #1: screenshot (image/png) ──────────────────────────────────────────────────────────
    ..\..\test-results\business-validation-compli-4bcbc-ations-with-proper-rounding-chromium-en\test-failed-1.png
    ────────────────────────────────────────────────────────────────────────────────────────────────

    Error Context: ..\..\test-results\business-validation-compli-4bcbc-ations-with-proper-rounding-chromium-en\error-context.md

    Retry #1 ───────────────────────────────────────────────────────────────────────────────────────

    Error: locator.textContent: Error: strict mode violation: locator('[data-testid="cart-item"]').first().locator('[data-testid="item-price"], [data-testid="line-price"]') resolved to 2 elements:
        1) <p data-theme="dark" data-testid="item-price" class="text-xs font-bold text-cyan-400 data-[theme=light]:text-cyan-700 data-[theme=luxury]:text-amber-400">…</p> aka getByTestId('item-price')
        2) <p data-theme="dark" data-testid="line-price" class="text-[10px] text-slate-500 data-[theme=light]:text-slate-400">2 × 10</p> aka getByTestId('line-price')

    Call log:
      - waiting for locator('[data-testid="cart-item"]').first().locator('[data-testid="item-price"], [data-testid="line-price"]')


      544 |             const item = lineItems.nth(i);
      545 |             const priceElement = item.locator('[data-testid="item-price"], [data-testid="line-price"]');
    > 546 |             const priceText = await priceElement.textContent() || '0';
          |                                                  ^
      547 |             const price = parseFloat(priceText.replace(/[^0-9.]/g, '') || '0');
      548 |             calculatedTotal += price;
      549 |         }
        at C:\Users\kemo-\nerd\frontend\e2e\tests\business-validation\compliance-checks.spec.ts:546:50

    attachment #1: screenshot (image/png) ──────────────────────────────────────────────────────────
    ..\..\test-results\business-validation-compli-4bcbc-ations-with-proper-rounding-chromium-en-retry1\test-failed-1.png
    ────────────────────────────────────────────────────────────────────────────────────────────────

    attachment #2: video (video/webm) ──────────────────────────────────────────────────────────────
    ..\..\test-results\business-validation-compli-4bcbc-ations-with-proper-rounding-chromium-en-retry1\video.webm
    ────────────────────────────────────────────────────────────────────────────────────────────────

    Error Context: ..\..\test-results\business-validation-compli-4bcbc-ations-with-proper-rounding-chromium-en-retry1\error-context.md

    attachment #4: trace (application/zip) ─────────────────────────────────────────────────────────
    ..\..\test-results\business-validation-compli-4bcbc-ations-with-proper-rounding-chromium-en-retry1\trace.zip
    Usage:

        npx playwright show-trace ..\..\test-results\business-validation-compli-4bcbc-ations-with-proper-rounding-chromium-en-retry1\trace.zip

    ────────────────────────────────────────────────────────────────────────────────────────────────
]]>
</failure>
<system-out>
<![CDATA[[Fixture] Navigating to POS page...
[Fixture] POS page loaded
[Fixture] Network idle
[Fixture] Session already open or no session required
[Fixture] Waiting for products to load...
[Fixture] Products loaded
Testing currency rounding...
[Fixture] Adding product: Today's Coffee
[Fixture] Clicked any available product card
[Fixture] Adding product: Classic Latte
[Fixture] Clicked any available product card

[[ATTACHMENT|..\..\test-results\business-validation-compli-4bcbc-ations-with-proper-rounding-chromium-en\test-failed-1.png]]

[[ATTACHMENT|..\..\test-results\business-validation-compli-4bcbc-ations-with-proper-rounding-chromium-en\error-context.md]]
[Fixture] Navigating to POS page...
[Fixture] POS page loaded
[Fixture] Network idle
[Fixture] Session already open or no session required
[Fixture] Waiting for products to load...
[Fixture] Products loaded
Testing currency rounding...
[Fixture] Adding product: Today's Coffee
[Fixture] Clicked any available product card
[Fixture] Adding product: Classic Latte
[Fixture] Clicked any available product card

[[ATTACHMENT|..\..\test-results\business-validation-compli-4bcbc-ations-with-proper-rounding-chromium-en-retry1\test-failed-1.png]]

[[ATTACHMENT|..\..\test-results\business-validation-compli-4bcbc-ations-with-proper-rounding-chromium-en-retry1\video.webm]]

[[ATTACHMENT|..\..\test-results\business-validation-compli-4bcbc-ations-with-proper-rounding-chromium-en-retry1\error-context.md]]

[[ATTACHMENT|..\..\test-results\business-validation-compli-4bcbc-ations-with-proper-rounding-chromium-en-retry1\trace.zip]]
]]>
</system-out>
<system-err>
<![CDATA[[Fixture] Product "Today's Coffee" not found, trying fallback...
[Fixture] Product "Classic Latte" not found, trying fallback...
[Fixture] Product "Today's Coffee" not found, trying fallback...
[Fixture] Product "Classic Latte" not found, trying fallback...
]]>
</system-err>
</testcase>
<testcase name="@business-validation BIZ-COMPLIANCE-003: Currency Handling › should display currency symbol correctly" classname="business-validation\compliance-checks.spec.ts" time="78.312">
<failure message="compliance-checks.spec.ts:569:5 should display currency symbol correctly" type="FAILURE">
<![CDATA[  [chromium-en] › business-validation\compliance-checks.spec.ts:569:5 › @business-validation BIZ-COMPLIANCE-003: Currency Handling › should display currency symbol correctly 

    Test timeout of 30000ms exceeded while running "beforeEach" hook.

      15 |
      16 | // Setup ZATCA compliance mocks for all tests
    > 17 | test.beforeEach(async ({ posPage }) => {
         |      ^
      18 |   ComplianceMock.setupMocks(posPage);
      19 | });
      20 |
        at C:\Users\kemo-\nerd\frontend\e2e\tests\business-validation\compliance-checks.spec.ts:17:6

    TimeoutError: page.goto: Timeout 30000ms exceeded.
    Call log:
      - navigating to "http://localhost:5173/pos", waiting until "domcontentloaded"


       at ..\fixtures\pos.fixture.ts:57

      55 |         // Navigate to POS
      56 |         console.log('[Fixture] Navigating to POS page...');
    > 57 |         await page.goto('/pos', { waitUntil: 'domcontentloaded' });
         |                    ^
      58 |
      59 |         // Wait for page to load
      60 |         try {
        at Object.posPage (C:\Users\kemo-\nerd\frontend\e2e\fixtures\pos.fixture.ts:57:20)

    Retry #1 ───────────────────────────────────────────────────────────────────────────────────────

    Test timeout of 30000ms exceeded.

    Error: page.click: Target page, context or browser has been closed

       at ..\fixtures\pos.fixture.ts:259

      257 |
      258 |             // Click cart button
    > 259 |             await posPage.click('[data-testid="action-cart"]');
          |                           ^
      260 |
      261 |             // Wait for cart panel to be visible
      262 |             await posPage.waitForSelector('[data-testid="cart-panel"]', {
        at openCart (C:\Users\kemo-\nerd\frontend\e2e\fixtures\pos.fixture.ts:259:27)
        at C:\Users\kemo-\nerd\frontend\e2e\tests\business-validation\compliance-checks.spec.ts:578:9

    attachment #1: screenshot (image/png) ──────────────────────────────────────────────────────────
    ..\..\test-results\business-validation-compli-d94b3-y-currency-symbol-correctly-chromium-en-retry1\test-failed-1.png
    ────────────────────────────────────────────────────────────────────────────────────────────────

    attachment #2: video (video/webm) ──────────────────────────────────────────────────────────────
    ..\..\test-results\business-validation-compli-d94b3-y-currency-symbol-correctly-chromium-en-retry1\video.webm
    ────────────────────────────────────────────────────────────────────────────────────────────────

    Error Context: ..\..\test-results\business-validation-compli-d94b3-y-currency-symbol-correctly-chromium-en-retry1\error-context.md

    attachment #4: trace (application/zip) ─────────────────────────────────────────────────────────
    ..\..\test-results\business-validation-compli-d94b3-y-currency-symbol-correctly-chromium-en-retry1\trace.zip
    Usage:

        npx playwright show-trace ..\..\test-results\business-validation-compli-d94b3-y-currency-symbol-correctly-chromium-en-retry1\trace.zip

    ────────────────────────────────────────────────────────────────────────────────────────────────
]]>
</failure>
<system-out>
<![CDATA[[Fixture] Navigating to POS page...
[Fixture] Navigating to POS page...
[Fixture] POS page loaded
[Fixture] Network idle
[Fixture] Session already open or no session required
[Fixture] Waiting for products to load...
[Fixture] Products loaded
[Fixture] Adding product: Fresh Juice
[Fixture] Clicked any available product card

[[ATTACHMENT|..\..\test-results\business-validation-compli-d94b3-y-currency-symbol-correctly-chromium-en-retry1\test-failed-1.png]]

[[ATTACHMENT|..\..\test-results\business-validation-compli-d94b3-y-currency-symbol-correctly-chromium-en-retry1\video.webm]]

[[ATTACHMENT|..\..\test-results\business-validation-compli-d94b3-y-currency-symbol-correctly-chromium-en-retry1\error-context.md]]

[[ATTACHMENT|..\..\test-results\business-validation-compli-d94b3-y-currency-symbol-correctly-chromium-en-retry1\trace.zip]]
]]>
</system-out>
<system-err>
<![CDATA[[Fixture] Product "Fresh Juice" not found, trying fallback...
]]>
</system-err>
</testcase>
</testsuite>
<testsuite name="kds\kds-kitchen-display.spec.ts" timestamp="2026-01-06T19:41:55.123Z" hostname="chromium-en" tests="7" failures="7" skipped="0" time="397.926" errors="0">
<testcase name="KDS-001: Kitchen Ticket Creation › should create kitchen ticket using test button" classname="kds\kds-kitchen-display.spec.ts" time="78.265">
<failure message="kds-kitchen-display.spec.ts:18:5 should create kitchen ticket using test button" type="FAILURE">
<![CDATA[  [chromium-en] › kds\kds-kitchen-display.spec.ts:18:5 › KDS-001: Kitchen Ticket Creation › should create kitchen ticket using test button 

    Test timeout of 30000ms exceeded while running "beforeEach" hook.

      10 |
      11 | // Setup all mocks before KDS tests
    > 12 | test.beforeEach(async ({ posPage }) => {
         |      ^
      13 |   setupAllMocks(posPage.page);
      14 | });
      15 |
        at C:\Users\kemo-\nerd\frontend\e2e\tests\kds\kds-kitchen-display.spec.ts:12:6

    TimeoutError: page.goto: Timeout 30000ms exceeded.
    Call log:
      - navigating to "http://localhost:5173/pos", waiting until "domcontentloaded"


       at ..\fixtures\pos.fixture.ts:57

      55 |         // Navigate to POS
      56 |         console.log('[Fixture] Navigating to POS page...');
    > 57 |         await page.goto('/pos', { waitUntil: 'domcontentloaded' });
         |                    ^
      58 |
      59 |         // Wait for page to load
      60 |         try {
        at Object.posPage (C:\Users\kemo-\nerd\frontend\e2e\fixtures\pos.fixture.ts:57:20)

    Retry #1 ───────────────────────────────────────────────────────────────────────────────────────

    Test timeout of 30000ms exceeded while running "beforeEach" hook.

      10 |
      11 | // Setup all mocks before KDS tests
    > 12 | test.beforeEach(async ({ posPage }) => {
         |      ^
      13 |   setupAllMocks(posPage.page);
      14 | });
      15 |
        at C:\Users\kemo-\nerd\frontend\e2e\tests\kds\kds-kitchen-display.spec.ts:12:6

    Error: page.waitForTimeout: Test timeout of 30000ms exceeded.

       at ..\fixtures\pos.fixture.ts:126

      124 |
      125 |         // Additional wait for any async operations
    > 126 |         await page.waitForTimeout(500);
          |                    ^
      127 |
      128 |         await use(page);
      129 |     },
        at Object.posPage (C:\Users\kemo-\nerd\frontend\e2e\fixtures\pos.fixture.ts:126:20)

    attachment #1: screenshot (image/png) ──────────────────────────────────────────────────────────
    ..\..\test-results\kds-kds-kitchen-display-KD-02f5b-en-ticket-using-test-button-chromium-en-retry1\test-failed-1.png
    ────────────────────────────────────────────────────────────────────────────────────────────────

    attachment #2: video (video/webm) ──────────────────────────────────────────────────────────────
    ..\..\test-results\kds-kds-kitchen-display-KD-02f5b-en-ticket-using-test-button-chromium-en-retry1\video.webm
    ────────────────────────────────────────────────────────────────────────────────────────────────

    Error Context: ..\..\test-results\kds-kds-kitchen-display-KD-02f5b-en-ticket-using-test-button-chromium-en-retry1\error-context.md

    attachment #4: trace (application/zip) ─────────────────────────────────────────────────────────
    ..\..\test-results\kds-kds-kitchen-display-KD-02f5b-en-ticket-using-test-button-chromium-en-retry1\trace.zip
    Usage:

        npx playwright show-trace ..\..\test-results\kds-kds-kitchen-display-KD-02f5b-en-ticket-using-test-button-chromium-en-retry1\trace.zip

    ────────────────────────────────────────────────────────────────────────────────────────────────
]]>
</failure>
<system-out>
<![CDATA[[Fixture] Navigating to POS page...
[Fixture] Navigating to POS page...
[Fixture] POS page loaded
[Fixture] Network idle
[Fixture] Session already open or no session required
[Fixture] Waiting for products to load...
[Fixture] Products loaded

[[ATTACHMENT|..\..\test-results\kds-kds-kitchen-display-KD-02f5b-en-ticket-using-test-button-chromium-en-retry1\test-failed-1.png]]

[[ATTACHMENT|..\..\test-results\kds-kds-kitchen-display-KD-02f5b-en-ticket-using-test-button-chromium-en-retry1\video.webm]]

[[ATTACHMENT|..\..\test-results\kds-kds-kitchen-display-KD-02f5b-en-ticket-using-test-button-chromium-en-retry1\error-context.md]]

[[ATTACHMENT|..\..\test-results\kds-kds-kitchen-display-KD-02f5b-en-ticket-using-test-button-chromium-en-retry1\trace.zip]]
]]>
</system-out>
</testcase>
<testcase name="KDS-002: Ticket Status › should show pending tickets count on KDS" classname="kds\kds-kitchen-display.spec.ts" time="78.643">
<failure message="kds-kitchen-display.spec.ts:55:5 should show pending tickets count on KDS" type="FAILURE">
<![CDATA[  [chromium-en] › kds\kds-kitchen-display.spec.ts:55:5 › KDS-002: Ticket Status › should show pending tickets count on KDS 

    Test timeout of 30000ms exceeded while running "beforeEach" hook.

      10 |
      11 | // Setup all mocks before KDS tests
    > 12 | test.beforeEach(async ({ posPage }) => {
         |      ^
      13 |   setupAllMocks(posPage.page);
      14 | });
      15 |
        at C:\Users\kemo-\nerd\frontend\e2e\tests\kds\kds-kitchen-display.spec.ts:12:6

    TimeoutError: page.goto: Timeout 30000ms exceeded.
    Call log:
      - navigating to "http://localhost:5173/pos", waiting until "domcontentloaded"


       at ..\fixtures\pos.fixture.ts:57

      55 |         // Navigate to POS
      56 |         console.log('[Fixture] Navigating to POS page...');
    > 57 |         await page.goto('/pos', { waitUntil: 'domcontentloaded' });
         |                    ^
      58 |
      59 |         // Wait for page to load
      60 |         try {
        at Object.posPage (C:\Users\kemo-\nerd\frontend\e2e\fixtures\pos.fixture.ts:57:20)

    Retry #1 ───────────────────────────────────────────────────────────────────────────────────────

    Test timeout of 30000ms exceeded while running "beforeEach" hook.

      10 |
      11 | // Setup all mocks before KDS tests
    > 12 | test.beforeEach(async ({ posPage }) => {
         |      ^
      13 |   setupAllMocks(posPage.page);
      14 | });
      15 |
        at C:\Users\kemo-\nerd\frontend\e2e\tests\kds\kds-kitchen-display.spec.ts:12:6

    Error: page.waitForTimeout: Test timeout of 30000ms exceeded.

       at ..\fixtures\pos.fixture.ts:126

      124 |
      125 |         // Additional wait for any async operations
    > 126 |         await page.waitForTimeout(500);
          |                    ^
      127 |
      128 |         await use(page);
      129 |     },
        at Object.posPage (C:\Users\kemo-\nerd\frontend\e2e\fixtures\pos.fixture.ts:126:20)

    attachment #1: screenshot (image/png) ──────────────────────────────────────────────────────────
    ..\..\test-results\kds-kds-kitchen-display-KD-3dd4d-ending-tickets-count-on-KDS-chromium-en-retry1\test-failed-1.png
    ────────────────────────────────────────────────────────────────────────────────────────────────

    attachment #2: video (video/webm) ──────────────────────────────────────────────────────────────
    ..\..\test-results\kds-kds-kitchen-display-KD-3dd4d-ending-tickets-count-on-KDS-chromium-en-retry1\video.webm
    ────────────────────────────────────────────────────────────────────────────────────────────────

    Error Context: ..\..\test-results\kds-kds-kitchen-display-KD-3dd4d-ending-tickets-count-on-KDS-chromium-en-retry1\error-context.md

    attachment #4: trace (application/zip) ─────────────────────────────────────────────────────────
    ..\..\test-results\kds-kds-kitchen-display-KD-3dd4d-ending-tickets-count-on-KDS-chromium-en-retry1\trace.zip
    Usage:

        npx playwright show-trace ..\..\test-results\kds-kds-kitchen-display-KD-3dd4d-ending-tickets-count-on-KDS-chromium-en-retry1\trace.zip

    ────────────────────────────────────────────────────────────────────────────────────────────────
]]>
</failure>
<system-out>
<![CDATA[[Fixture] Navigating to POS page...
[Fixture] Navigating to POS page...
[Fixture] POS page loaded
[Fixture] Network idle
[Fixture] Session already open or no session required
[Fixture] Waiting for products to load...
[Fixture] Products loaded

[[ATTACHMENT|..\..\test-results\kds-kds-kitchen-display-KD-3dd4d-ending-tickets-count-on-KDS-chromium-en-retry1\test-failed-1.png]]

[[ATTACHMENT|..\..\test-results\kds-kds-kitchen-display-KD-3dd4d-ending-tickets-count-on-KDS-chromium-en-retry1\video.webm]]

[[ATTACHMENT|..\..\test-results\kds-kds-kitchen-display-KD-3dd4d-ending-tickets-count-on-KDS-chromium-en-retry1\error-context.md]]

[[ATTACHMENT|..\..\test-results\kds-kds-kitchen-display-KD-3dd4d-ending-tickets-count-on-KDS-chromium-en-retry1\trace.zip]]
]]>
</system-out>
</testcase>
<testcase name="KDS-002: Ticket Status › should display tickets in grid layout" classname="kds\kds-kitchen-display.spec.ts" time="78.549">
<failure message="kds-kitchen-display.spec.ts:82:5 should display tickets in grid layout" type="FAILURE">
<![CDATA[  [chromium-en] › kds\kds-kitchen-display.spec.ts:82:5 › KDS-002: Ticket Status › should display tickets in grid layout 

    Test timeout of 30000ms exceeded while running "beforeEach" hook.

      10 |
      11 | // Setup all mocks before KDS tests
    > 12 | test.beforeEach(async ({ posPage }) => {
         |      ^
      13 |   setupAllMocks(posPage.page);
      14 | });
      15 |
        at C:\Users\kemo-\nerd\frontend\e2e\tests\kds\kds-kitchen-display.spec.ts:12:6

    TimeoutError: page.goto: Timeout 30000ms exceeded.
    Call log:
      - navigating to "http://localhost:5173/pos", waiting until "domcontentloaded"


       at ..\fixtures\pos.fixture.ts:57

      55 |         // Navigate to POS
      56 |         console.log('[Fixture] Navigating to POS page...');
    > 57 |         await page.goto('/pos', { waitUntil: 'domcontentloaded' });
         |                    ^
      58 |
      59 |         // Wait for page to load
      60 |         try {
        at Object.posPage (C:\Users\kemo-\nerd\frontend\e2e\fixtures\pos.fixture.ts:57:20)

    Retry #1 ───────────────────────────────────────────────────────────────────────────────────────

    Test timeout of 30000ms exceeded while running "beforeEach" hook.

      10 |
      11 | // Setup all mocks before KDS tests
    > 12 | test.beforeEach(async ({ posPage }) => {
         |      ^
      13 |   setupAllMocks(posPage.page);
      14 | });
      15 |
        at C:\Users\kemo-\nerd\frontend\e2e\tests\kds\kds-kitchen-display.spec.ts:12:6

    Error: page.waitForTimeout: Test timeout of 30000ms exceeded.

       at ..\fixtures\pos.fixture.ts:126

      124 |
      125 |         // Additional wait for any async operations
    > 126 |         await page.waitForTimeout(500);
          |                    ^
      127 |
      128 |         await use(page);
      129 |     },
        at Object.posPage (C:\Users\kemo-\nerd\frontend\e2e\fixtures\pos.fixture.ts:126:20)

    attachment #1: screenshot (image/png) ──────────────────────────────────────────────────────────
    ..\..\test-results\kds-kds-kitchen-display-KD-ed369-play-tickets-in-grid-layout-chromium-en-retry1\test-failed-1.png
    ────────────────────────────────────────────────────────────────────────────────────────────────

    attachment #2: video (video/webm) ──────────────────────────────────────────────────────────────
    ..\..\test-results\kds-kds-kitchen-display-KD-ed369-play-tickets-in-grid-layout-chromium-en-retry1\video.webm
    ────────────────────────────────────────────────────────────────────────────────────────────────

    Error Context: ..\..\test-results\kds-kds-kitchen-display-KD-ed369-play-tickets-in-grid-layout-chromium-en-retry1\error-context.md

    attachment #4: trace (application/zip) ─────────────────────────────────────────────────────────
    ..\..\test-results\kds-kds-kitchen-display-KD-ed369-play-tickets-in-grid-layout-chromium-en-retry1\trace.zip
    Usage:

        npx playwright show-trace ..\..\test-results\kds-kds-kitchen-display-KD-ed369-play-tickets-in-grid-layout-chromium-en-retry1\trace.zip

    ────────────────────────────────────────────────────────────────────────────────────────────────
]]>
</failure>
<system-out>
<![CDATA[[Fixture] Navigating to POS page...
[Fixture] Navigating to POS page...
[Fixture] POS page loaded
[Fixture] Network idle
[Fixture] Session already open or no session required
[Fixture] Waiting for products to load...
[Fixture] Products loaded

[[ATTACHMENT|..\..\test-results\kds-kds-kitchen-display-KD-ed369-play-tickets-in-grid-layout-chromium-en-retry1\test-failed-1.png]]

[[ATTACHMENT|..\..\test-results\kds-kds-kitchen-display-KD-ed369-play-tickets-in-grid-layout-chromium-en-retry1\video.webm]]

[[ATTACHMENT|..\..\test-results\kds-kds-kitchen-display-KD-ed369-play-tickets-in-grid-layout-chromium-en-retry1\error-context.md]]

[[ATTACHMENT|..\..\test-results\kds-kds-kitchen-display-KD-ed369-play-tickets-in-grid-layout-chromium-en-retry1\trace.zip]]
]]>
</system-out>
</testcase>
<testcase name="KDS-003: Ticket Bump › should bump completed ticket from display" classname="kds\kds-kitchen-display.spec.ts" time="77.133">
<failure message="kds-kitchen-display.spec.ts:113:5 should bump completed ticket from display" type="FAILURE">
<![CDATA[  [chromium-en] › kds\kds-kitchen-display.spec.ts:113:5 › KDS-003: Ticket Bump › should bump completed ticket from display 

    Test timeout of 30000ms exceeded while running "beforeEach" hook.

      10 |
      11 | // Setup all mocks before KDS tests
    > 12 | test.beforeEach(async ({ posPage }) => {
         |      ^
      13 |   setupAllMocks(posPage.page);
      14 | });
      15 |
        at C:\Users\kemo-\nerd\frontend\e2e\tests\kds\kds-kitchen-display.spec.ts:12:6

    TimeoutError: page.goto: Timeout 30000ms exceeded.
    Call log:
      - navigating to "http://localhost:5173/pos", waiting until "domcontentloaded"


       at ..\fixtures\pos.fixture.ts:57

      55 |         // Navigate to POS
      56 |         console.log('[Fixture] Navigating to POS page...');
    > 57 |         await page.goto('/pos', { waitUntil: 'domcontentloaded' });
         |                    ^
      58 |
      59 |         // Wait for page to load
      60 |         try {
        at Object.posPage (C:\Users\kemo-\nerd\frontend\e2e\fixtures\pos.fixture.ts:57:20)

    Retry #1 ───────────────────────────────────────────────────────────────────────────────────────

    Test timeout of 30000ms exceeded while running "beforeEach" hook.

      10 |
      11 | // Setup all mocks before KDS tests
    > 12 | test.beforeEach(async ({ posPage }) => {
         |      ^
      13 |   setupAllMocks(posPage.page);
      14 | });
      15 |
        at C:\Users\kemo-\nerd\frontend\e2e\tests\kds\kds-kitchen-display.spec.ts:12:6

    attachment #1: screenshot (image/png) ──────────────────────────────────────────────────────────
    ..\..\test-results\kds-kds-kitchen-display-KD-97913-mpleted-ticket-from-display-chromium-en-retry1\test-failed-1.png
    ────────────────────────────────────────────────────────────────────────────────────────────────

    attachment #2: video (video/webm) ──────────────────────────────────────────────────────────────
    ..\..\test-results\kds-kds-kitchen-display-KD-97913-mpleted-ticket-from-display-chromium-en-retry1\video.webm
    ────────────────────────────────────────────────────────────────────────────────────────────────

    Error Context: ..\..\test-results\kds-kds-kitchen-display-KD-97913-mpleted-ticket-from-display-chromium-en-retry1\error-context.md

    attachment #4: trace (application/zip) ─────────────────────────────────────────────────────────
    ..\..\test-results\kds-kds-kitchen-display-KD-97913-mpleted-ticket-from-display-chromium-en-retry1\trace.zip
    Usage:

        npx playwright show-trace ..\..\test-results\kds-kds-kitchen-display-KD-97913-mpleted-ticket-from-display-chromium-en-retry1\trace.zip

    ────────────────────────────────────────────────────────────────────────────────────────────────
]]>
</failure>
<system-out>
<![CDATA[[Fixture] Navigating to POS page...
[Fixture] Navigating to POS page...
[Fixture] POS page loaded
[Fixture] Session already open or no session required
[Fixture] Waiting for products to load...
[Fixture] Products loaded

[[ATTACHMENT|..\..\test-results\kds-kds-kitchen-display-KD-97913-mpleted-ticket-from-display-chromium-en-retry1\test-failed-1.png]]

[[ATTACHMENT|..\..\test-results\kds-kds-kitchen-display-KD-97913-mpleted-ticket-from-display-chromium-en-retry1\video.webm]]

[[ATTACHMENT|..\..\test-results\kds-kds-kitchen-display-KD-97913-mpleted-ticket-from-display-chromium-en-retry1\error-context.md]]

[[ATTACHMENT|..\..\test-results\kds-kds-kitchen-display-KD-97913-mpleted-ticket-from-display-chromium-en-retry1\trace.zip]]
]]>
</system-out>
<system-err>
<![CDATA[[Fixture] Network did not reach idle state, continuing...
]]>
</system-err>
</testcase>
<testcase name="KDS-004: Modifier Display › should display item modifiers on tickets" classname="kds\kds-kitchen-display.spec.ts" time="41.418">
<failure message="kds-kitchen-display.spec.ts:153:5 should display item modifiers on tickets" type="FAILURE">
<![CDATA[  [chromium-en] › kds\kds-kitchen-display.spec.ts:153:5 › KDS-004: Modifier Display › should display item modifiers on tickets 

    TypeError: Cannot read properties of undefined (reading 'route')

       at ..\mocks\paymentMock.ts:66

      64 |    */
      65 |   private static mockPaymentProcess(page: Page): void {
    > 66 |     page.route('**/api/v1/payments/process', async (route: Route) => {
         |          ^
      67 |       const request = route.request();
      68 |       const postData = await request.postDataJSON().catch(() => ({}));
      69 |
        at Function.mockPaymentProcess (C:\Users\kemo-\nerd\frontend\e2e\mocks\paymentMock.ts:66:10)
        at Function.setupMocks (C:\Users\kemo-\nerd\frontend\e2e\mocks\paymentMock.ts:54:10)
        at setupAllMocks (C:\Users\kemo-\nerd\frontend\e2e\mocks\index.ts:29:15)
        at C:\Users\kemo-\nerd\frontend\e2e\tests\kds\kds-kitchen-display.spec.ts:13:3

    attachment #1: screenshot (image/png) ──────────────────────────────────────────────────────────
    ..\..\test-results\kds-kds-kitchen-display-KD-9b86c-y-item-modifiers-on-tickets-chromium-en\test-failed-1.png
    ────────────────────────────────────────────────────────────────────────────────────────────────

    Error Context: ..\..\test-results\kds-kds-kitchen-display-KD-9b86c-y-item-modifiers-on-tickets-chromium-en\error-context.md

    Retry #1 ───────────────────────────────────────────────────────────────────────────────────────

    TypeError: Cannot read properties of undefined (reading 'route')

       at ..\mocks\paymentMock.ts:66

      64 |    */
      65 |   private static mockPaymentProcess(page: Page): void {
    > 66 |     page.route('**/api/v1/payments/process', async (route: Route) => {
         |          ^
      67 |       const request = route.request();
      68 |       const postData = await request.postDataJSON().catch(() => ({}));
      69 |
        at Function.mockPaymentProcess (C:\Users\kemo-\nerd\frontend\e2e\mocks\paymentMock.ts:66:10)
        at Function.setupMocks (C:\Users\kemo-\nerd\frontend\e2e\mocks\paymentMock.ts:54:10)
        at setupAllMocks (C:\Users\kemo-\nerd\frontend\e2e\mocks\index.ts:29:15)
        at C:\Users\kemo-\nerd\frontend\e2e\tests\kds\kds-kitchen-display.spec.ts:13:3

    attachment #1: screenshot (image/png) ──────────────────────────────────────────────────────────
    ..\..\test-results\kds-kds-kitchen-display-KD-9b86c-y-item-modifiers-on-tickets-chromium-en-retry1\test-failed-1.png
    ────────────────────────────────────────────────────────────────────────────────────────────────

    attachment #2: video (video/webm) ──────────────────────────────────────────────────────────────
    ..\..\test-results\kds-kds-kitchen-display-KD-9b86c-y-item-modifiers-on-tickets-chromium-en-retry1\video.webm
    ────────────────────────────────────────────────────────────────────────────────────────────────

    Error Context: ..\..\test-results\kds-kds-kitchen-display-KD-9b86c-y-item-modifiers-on-tickets-chromium-en-retry1\error-context.md

    attachment #4: trace (application/zip) ─────────────────────────────────────────────────────────
    ..\..\test-results\kds-kds-kitchen-display-KD-9b86c-y-item-modifiers-on-tickets-chromium-en-retry1\trace.zip
    Usage:

        npx playwright show-trace ..\..\test-results\kds-kds-kitchen-display-KD-9b86c-y-item-modifiers-on-tickets-chromium-en-retry1\trace.zip

    ────────────────────────────────────────────────────────────────────────────────────────────────
]]>
</failure>
<system-out>
<![CDATA[[Fixture] Navigating to POS page...
[Fixture] POS page loaded
[Fixture] Session already open or no session required
[Fixture] Waiting for products to load...
[Fixture] Products loaded

[[ATTACHMENT|..\..\test-results\kds-kds-kitchen-display-KD-9b86c-y-item-modifiers-on-tickets-chromium-en\test-failed-1.png]]

[[ATTACHMENT|..\..\test-results\kds-kds-kitchen-display-KD-9b86c-y-item-modifiers-on-tickets-chromium-en\error-context.md]]
[Fixture] Navigating to POS page...
[Fixture] POS page loaded
[Fixture] Network idle
[Fixture] Session already open or no session required
[Fixture] Waiting for products to load...
[Fixture] Products loaded

[[ATTACHMENT|..\..\test-results\kds-kds-kitchen-display-KD-9b86c-y-item-modifiers-on-tickets-chromium-en-retry1\test-failed-1.png]]

[[ATTACHMENT|..\..\test-results\kds-kds-kitchen-display-KD-9b86c-y-item-modifiers-on-tickets-chromium-en-retry1\video.webm]]

[[ATTACHMENT|..\..\test-results\kds-kds-kitchen-display-KD-9b86c-y-item-modifiers-on-tickets-chromium-en-retry1\error-context.md]]

[[ATTACHMENT|..\..\test-results\kds-kds-kitchen-display-KD-9b86c-y-item-modifiers-on-tickets-chromium-en-retry1\trace.zip]]
]]>
</system-out>
<system-err>
<![CDATA[[Fixture] Request failed: https://fonts.googleapis.com/css2?family=Inter:wght@300;400;500;600;700&display=swap
[Fixture] Network did not reach idle state, continuing...
]]>
</system-err>
</testcase>
<testcase name="KDS-005: Station Filter › should filter tickets by station" classname="kds\kds-kitchen-display.spec.ts" time="22.658">
<failure message="kds-kitchen-display.spec.ts:186:5 should filter tickets by station" type="FAILURE">
<![CDATA[  [chromium-en] › kds\kds-kitchen-display.spec.ts:186:5 › KDS-005: Station Filter › should filter tickets by station 

    TypeError: Cannot read properties of undefined (reading 'route')

       at ..\mocks\paymentMock.ts:66

      64 |    */
      65 |   private static mockPaymentProcess(page: Page): void {
    > 66 |     page.route('**/api/v1/payments/process', async (route: Route) => {
         |          ^
      67 |       const request = route.request();
      68 |       const postData = await request.postDataJSON().catch(() => ({}));
      69 |
        at Function.mockPaymentProcess (C:\Users\kemo-\nerd\frontend\e2e\mocks\paymentMock.ts:66:10)
        at Function.setupMocks (C:\Users\kemo-\nerd\frontend\e2e\mocks\paymentMock.ts:54:10)
        at setupAllMocks (C:\Users\kemo-\nerd\frontend\e2e\mocks\index.ts:29:15)
        at C:\Users\kemo-\nerd\frontend\e2e\tests\kds\kds-kitchen-display.spec.ts:13:3

    attachment #1: screenshot (image/png) ──────────────────────────────────────────────────────────
    ..\..\test-results\kds-kds-kitchen-display-KD-b3247-d-filter-tickets-by-station-chromium-en\test-failed-1.png
    ────────────────────────────────────────────────────────────────────────────────────────────────

    Error Context: ..\..\test-results\kds-kds-kitchen-display-KD-b3247-d-filter-tickets-by-station-chromium-en\error-context.md

    Retry #1 ───────────────────────────────────────────────────────────────────────────────────────

    TypeError: Cannot read properties of undefined (reading 'route')

       at ..\mocks\paymentMock.ts:66

      64 |    */
      65 |   private static mockPaymentProcess(page: Page): void {
    > 66 |     page.route('**/api/v1/payments/process', async (route: Route) => {
         |          ^
      67 |       const request = route.request();
      68 |       const postData = await request.postDataJSON().catch(() => ({}));
      69 |
        at Function.mockPaymentProcess (C:\Users\kemo-\nerd\frontend\e2e\mocks\paymentMock.ts:66:10)
        at Function.setupMocks (C:\Users\kemo-\nerd\frontend\e2e\mocks\paymentMock.ts:54:10)
        at setupAllMocks (C:\Users\kemo-\nerd\frontend\e2e\mocks\index.ts:29:15)
        at C:\Users\kemo-\nerd\frontend\e2e\tests\kds\kds-kitchen-display.spec.ts:13:3

    attachment #1: screenshot (image/png) ──────────────────────────────────────────────────────────
    ..\..\test-results\kds-kds-kitchen-display-KD-b3247-d-filter-tickets-by-station-chromium-en-retry1\test-failed-1.png
    ────────────────────────────────────────────────────────────────────────────────────────────────

    attachment #2: video (video/webm) ──────────────────────────────────────────────────────────────
    ..\..\test-results\kds-kds-kitchen-display-KD-b3247-d-filter-tickets-by-station-chromium-en-retry1\video.webm
    ────────────────────────────────────────────────────────────────────────────────────────────────

    Error Context: ..\..\test-results\kds-kds-kitchen-display-KD-b3247-d-filter-tickets-by-station-chromium-en-retry1\error-context.md

    attachment #4: trace (application/zip) ─────────────────────────────────────────────────────────
    ..\..\test-results\kds-kds-kitchen-display-KD-b3247-d-filter-tickets-by-station-chromium-en-retry1\trace.zip
    Usage:

        npx playwright show-trace ..\..\test-results\kds-kds-kitchen-display-KD-b3247-d-filter-tickets-by-station-chromium-en-retry1\trace.zip

    ────────────────────────────────────────────────────────────────────────────────────────────────
]]>
</failure>
<system-out>
<![CDATA[[Fixture] Navigating to POS page...
[Fixture] POS page loaded
[Fixture] Network idle
[Fixture] Session already open or no session required
[Fixture] Waiting for products to load...
[Fixture] Products loaded

[[ATTACHMENT|..\..\test-results\kds-kds-kitchen-display-KD-b3247-d-filter-tickets-by-station-chromium-en\test-failed-1.png]]

[[ATTACHMENT|..\..\test-results\kds-kds-kitchen-display-KD-b3247-d-filter-tickets-by-station-chromium-en\error-context.md]]
[Fixture] Navigating to POS page...
[Fixture] POS page loaded
[Fixture] Network idle
[Fixture] Session already open or no session required
[Fixture] Waiting for products to load...
[Fixture] Products loaded

[[ATTACHMENT|..\..\test-results\kds-kds-kitchen-display-KD-b3247-d-filter-tickets-by-station-chromium-en-retry1\test-failed-1.png]]

[[ATTACHMENT|..\..\test-results\kds-kds-kitchen-display-KD-b3247-d-filter-tickets-by-station-chromium-en-retry1\video.webm]]

[[ATTACHMENT|..\..\test-results\kds-kds-kitchen-display-KD-b3247-d-filter-tickets-by-station-chromium-en-retry1\error-context.md]]

[[ATTACHMENT|..\..\test-results\kds-kds-kitchen-display-KD-b3247-d-filter-tickets-by-station-chromium-en-retry1\trace.zip]]
]]>
</system-out>
</testcase>
<testcase name="KDS-005: Station Filter › should display all available station filters" classname="kds\kds-kitchen-display.spec.ts" time="21.26">
<failure message="kds-kitchen-display.spec.ts:224:5 should display all available station filters" type="FAILURE">
<![CDATA[  [chromium-en] › kds\kds-kitchen-display.spec.ts:224:5 › KDS-005: Station Filter › should display all available station filters 

    TypeError: Cannot read properties of undefined (reading 'route')

       at ..\mocks\paymentMock.ts:66

      64 |    */
      65 |   private static mockPaymentProcess(page: Page): void {
    > 66 |     page.route('**/api/v1/payments/process', async (route: Route) => {
         |          ^
      67 |       const request = route.request();
      68 |       const postData = await request.postDataJSON().catch(() => ({}));
      69 |
        at Function.mockPaymentProcess (C:\Users\kemo-\nerd\frontend\e2e\mocks\paymentMock.ts:66:10)
        at Function.setupMocks (C:\Users\kemo-\nerd\frontend\e2e\mocks\paymentMock.ts:54:10)
        at setupAllMocks (C:\Users\kemo-\nerd\frontend\e2e\mocks\index.ts:29:15)
        at C:\Users\kemo-\nerd\frontend\e2e\tests\kds\kds-kitchen-display.spec.ts:13:3

    attachment #1: screenshot (image/png) ──────────────────────────────────────────────────────────
    ..\..\test-results\kds-kds-kitchen-display-KD-3408b-l-available-station-filters-chromium-en\test-failed-1.png
    ────────────────────────────────────────────────────────────────────────────────────────────────

    Error Context: ..\..\test-results\kds-kds-kitchen-display-KD-3408b-l-available-station-filters-chromium-en\error-context.md

    Retry #1 ───────────────────────────────────────────────────────────────────────────────────────

    TypeError: Cannot read properties of undefined (reading 'route')

       at ..\mocks\paymentMock.ts:66

      64 |    */
      65 |   private static mockPaymentProcess(page: Page): void {
    > 66 |     page.route('**/api/v1/payments/process', async (route: Route) => {
         |          ^
      67 |       const request = route.request();
      68 |       const postData = await request.postDataJSON().catch(() => ({}));
      69 |
        at Function.mockPaymentProcess (C:\Users\kemo-\nerd\frontend\e2e\mocks\paymentMock.ts:66:10)
        at Function.setupMocks (C:\Users\kemo-\nerd\frontend\e2e\mocks\paymentMock.ts:54:10)
        at setupAllMocks (C:\Users\kemo-\nerd\frontend\e2e\mocks\index.ts:29:15)
        at C:\Users\kemo-\nerd\frontend\e2e\tests\kds\kds-kitchen-display.spec.ts:13:3

    attachment #1: screenshot (image/png) ──────────────────────────────────────────────────────────
    ..\..\test-results\kds-kds-kitchen-display-KD-3408b-l-available-station-filters-chromium-en-retry1\test-failed-1.png
    ────────────────────────────────────────────────────────────────────────────────────────────────

    attachment #2: video (video/webm) ──────────────────────────────────────────────────────────────
    ..\..\test-results\kds-kds-kitchen-display-KD-3408b-l-available-station-filters-chromium-en-retry1\video.webm
    ────────────────────────────────────────────────────────────────────────────────────────────────

    Error Context: ..\..\test-results\kds-kds-kitchen-display-KD-3408b-l-available-station-filters-chromium-en-retry1\error-context.md

    attachment #4: trace (application/zip) ─────────────────────────────────────────────────────────
    ..\..\test-results\kds-kds-kitchen-display-KD-3408b-l-available-station-filters-chromium-en-retry1\trace.zip
    Usage:

        npx playwright show-trace ..\..\test-results\kds-kds-kitchen-display-KD-3408b-l-available-station-filters-chromium-en-retry1\trace.zip

    ────────────────────────────────────────────────────────────────────────────────────────────────
]]>
</failure>
<system-out>
<![CDATA[[Fixture] Navigating to POS page...
[Fixture] POS page loaded
[Fixture] Network idle
[Fixture] Session already open or no session required
[Fixture] Waiting for products to load...
[Fixture] Products loaded

[[ATTACHMENT|..\..\test-results\kds-kds-kitchen-display-KD-3408b-l-available-station-filters-chromium-en\test-failed-1.png]]

[[ATTACHMENT|..\..\test-results\kds-kds-kitchen-display-KD-3408b-l-available-station-filters-chromium-en\error-context.md]]
[Fixture] Navigating to POS page...
[Fixture] POS page loaded
[Fixture] Network idle
[Fixture] Session already open or no session required
[Fixture] Waiting for products to load...
[Fixture] Products loaded

[[ATTACHMENT|..\..\test-results\kds-kds-kitchen-display-KD-3408b-l-available-station-filters-chromium-en-retry1\test-failed-1.png]]

[[ATTACHMENT|..\..\test-results\kds-kds-kitchen-display-KD-3408b-l-available-station-filters-chromium-en-retry1\video.webm]]

[[ATTACHMENT|..\..\test-results\kds-kds-kitchen-display-KD-3408b-l-available-station-filters-chromium-en-retry1\error-context.md]]

[[ATTACHMENT|..\..\test-results\kds-kds-kitchen-display-KD-3408b-l-available-station-filters-chromium-en-retry1\trace.zip]]
]]>
</system-out>
</testcase>
</testsuite>
<testsuite name="pay\pay-payment-workflows.spec.ts" timestamp="2026-01-06T19:41:55.123Z" hostname="chromium-en" tests="11" failures="5" skipped="2" time="205.538" errors="0">
<testcase name="PAY-001: Cash Exact Payment › should complete cash payment with exact amount" classname="pay\pay-payment-workflows.spec.ts" time="36.25">
<failure message="pay-payment-workflows.spec.ts:18:5 should complete cash payment with exact amount" type="FAILURE">
<![CDATA[  [chromium-en] › pay\pay-payment-workflows.spec.ts:18:5 › PAY-001: Cash Exact Payment › should complete cash payment with exact amount 

    TimeoutError: page.waitForSelector: Timeout 8000ms exceeded.
    Call log:
      - waiting for locator('[data-testid="payment-success"]') to be visible


      72 |         // Wait for payment success - try multiple selectors
      73 |         await Promise.race([
    > 74 |             posPage.waitForSelector('[data-testid="payment-success"]', { timeout: 8000 }),
         |                     ^
      75 |             posPage.waitForSelector('[data-testid="tax-invoice"]', { timeout: 8000 }),
      76 |             posPage.waitForSelector('[data-testid="checkout-success"]', { timeout: 8000 })
      77 |         ]);
        at C:\Users\kemo-\nerd\frontend\e2e\tests\pay\pay-payment-workflows.spec.ts:74:21

    attachment #1: screenshot (image/png) ──────────────────────────────────────────────────────────
    ..\..\test-results\pay-pay-payment-workflows--c7675-h-payment-with-exact-amount-chromium-en\test-failed-1.png
    ────────────────────────────────────────────────────────────────────────────────────────────────

    Error Context: ..\..\test-results\pay-pay-payment-workflows--c7675-h-payment-with-exact-amount-chromium-en\error-context.md

    Retry #1 ───────────────────────────────────────────────────────────────────────────────────────

    TimeoutError: page.waitForSelector: Timeout 8000ms exceeded.
    Call log:
      - waiting for locator('[data-testid="payment-success"]') to be visible


      72 |         // Wait for payment success - try multiple selectors
      73 |         await Promise.race([
    > 74 |             posPage.waitForSelector('[data-testid="payment-success"]', { timeout: 8000 }),
         |                     ^
      75 |             posPage.waitForSelector('[data-testid="tax-invoice"]', { timeout: 8000 }),
      76 |             posPage.waitForSelector('[data-testid="checkout-success"]', { timeout: 8000 })
      77 |         ]);
        at C:\Users\kemo-\nerd\frontend\e2e\tests\pay\pay-payment-workflows.spec.ts:74:21

    attachment #1: screenshot (image/png) ──────────────────────────────────────────────────────────
    ..\..\test-results\pay-pay-payment-workflows--c7675-h-payment-with-exact-amount-chromium-en-retry1\test-failed-1.png
    ────────────────────────────────────────────────────────────────────────────────────────────────

    attachment #2: video (video/webm) ──────────────────────────────────────────────────────────────
    ..\..\test-results\pay-pay-payment-workflows--c7675-h-payment-with-exact-amount-chromium-en-retry1\video.webm
    ────────────────────────────────────────────────────────────────────────────────────────────────

    Error Context: ..\..\test-results\pay-pay-payment-workflows--c7675-h-payment-with-exact-amount-chromium-en-retry1\error-context.md

    attachment #4: trace (application/zip) ─────────────────────────────────────────────────────────
    ..\..\test-results\pay-pay-payment-workflows--c7675-h-payment-with-exact-amount-chromium-en-retry1\trace.zip
    Usage:

        npx playwright show-trace ..\..\test-results\pay-pay-payment-workflows--c7675-h-payment-with-exact-amount-chromium-en-retry1\trace.zip

    ────────────────────────────────────────────────────────────────────────────────────────────────
]]>
</failure>
<system-out>
<![CDATA[[Fixture] Navigating to POS page...
[Fixture] POS page loaded
[Fixture] Network idle
[Fixture] Session already open or no session required
[Fixture] Waiting for products to load...
[Fixture] Products loaded
[Fixture] Adding product: Today's Coffee
[Fixture] Clicked any available product card

[[ATTACHMENT|..\..\test-results\pay-pay-payment-workflows--c7675-h-payment-with-exact-amount-chromium-en\test-failed-1.png]]

[[ATTACHMENT|..\..\test-results\pay-pay-payment-workflows--c7675-h-payment-with-exact-amount-chromium-en\error-context.md]]
[Fixture] Navigating to POS page...
[Fixture] POS page loaded
[Fixture] Network idle
[Fixture] Session already open or no session required
[Fixture] Waiting for products to load...
[Fixture] Products loaded
[Fixture] Adding product: Today's Coffee
[Fixture] Clicked any available product card

[[ATTACHMENT|..\..\test-results\pay-pay-payment-workflows--c7675-h-payment-with-exact-amount-chromium-en-retry1\test-failed-1.png]]

[[ATTACHMENT|..\..\test-results\pay-pay-payment-workflows--c7675-h-payment-with-exact-amount-chromium-en-retry1\video.webm]]

[[ATTACHMENT|..\..\test-results\pay-pay-payment-workflows--c7675-h-payment-with-exact-amount-chromium-en-retry1\error-context.md]]

[[ATTACHMENT|..\..\test-results\pay-pay-payment-workflows--c7675-h-payment-with-exact-amount-chromium-en-retry1\trace.zip]]
]]>
</system-out>
<system-err>
<![CDATA[[Fixture] Product "Today's Coffee" not found, trying fallback...
[Fixture] Product "Today's Coffee" not found, trying fallback...
]]>
</system-err>
</testcase>
<testcase name="PAY-002: Cash with Change › should calculate change correctly" classname="pay\pay-payment-workflows.spec.ts" time="17.617">
<failure message="pay-payment-workflows.spec.ts:88:5 should calculate change correctly" type="FAILURE">
<![CDATA[  [chromium-en] › pay\pay-payment-workflows.spec.ts:88:5 › PAY-002: Cash with Change › should calculate change correctly 

    Error: expect(received).toBeGreaterThanOrEqual(expected)

    Expected: >= 0
    Received:    NaN

      115 |             const changeText = await changeDisplay.textContent();
      116 |             const changeAmount = parseFloat(changeText?.replace(/[^0-9.]/g, '') || '0');
    > 117 |             expect(changeAmount).toBeGreaterThanOrEqual(0);
          |                                  ^
      118 |         } else {
      119 |             test.skip(true, 'Quick cash 100 button not available for this order amount');
      120 |         }
        at C:\Users\kemo-\nerd\frontend\e2e\tests\pay\pay-payment-workflows.spec.ts:117:34

    attachment #1: screenshot (image/png) ──────────────────────────────────────────────────────────
    ..\..\test-results\pay-pay-payment-workflows--31f9d--calculate-change-correctly-chromium-en\test-failed-1.png
    ────────────────────────────────────────────────────────────────────────────────────────────────

    Error Context: ..\..\test-results\pay-pay-payment-workflows--31f9d--calculate-change-correctly-chromium-en\error-context.md

    Retry #1 ───────────────────────────────────────────────────────────────────────────────────────

    Error: expect(received).toBeGreaterThanOrEqual(expected)

    Expected: >= 0
    Received:    NaN

      115 |             const changeText = await changeDisplay.textContent();
      116 |             const changeAmount = parseFloat(changeText?.replace(/[^0-9.]/g, '') || '0');
    > 117 |             expect(changeAmount).toBeGreaterThanOrEqual(0);
          |                                  ^
      118 |         } else {
      119 |             test.skip(true, 'Quick cash 100 button not available for this order amount');
      120 |         }
        at C:\Users\kemo-\nerd\frontend\e2e\tests\pay\pay-payment-workflows.spec.ts:117:34

    attachment #1: screenshot (image/png) ──────────────────────────────────────────────────────────
    ..\..\test-results\pay-pay-payment-workflows--31f9d--calculate-change-correctly-chromium-en-retry1\test-failed-1.png
    ────────────────────────────────────────────────────────────────────────────────────────────────

    attachment #2: video (video/webm) ──────────────────────────────────────────────────────────────
    ..\..\test-results\pay-pay-payment-workflows--31f9d--calculate-change-correctly-chromium-en-retry1\video.webm
[...]
[Fixture] Clicked any available product card
[Fixture] Completing payment: cash
[Fixture] Clicked [data-testid="quick-cash-100"]
[Fixture] Looking for receipt display...
No success state found, continuing anyway

[[ATTACHMENT|..\..\test-results\business-validation-compli-19c37-r-QR-code-with-TLV-encoding-business-validation-retry1\test-failed-1.png]]

[[ATTACHMENT|..\..\test-results\business-validation-compli-19c37-r-QR-code-with-TLV-encoding-business-validation-retry1\video.webm]]

[[ATTACHMENT|..\..\test-results\business-validation-compli-19c37-r-QR-code-with-TLV-encoding-business-validation-retry1\error-context.md]]

[[ATTACHMENT|..\..\test-results\business-validation-compli-19c37-r-QR-code-with-TLV-encoding-business-validation-retry1\trace.zip]]
]]>
</system-out>
<system-err>
<![CDATA[[Fixture] Product "Today's Coffee" not found, trying fallback...
[Fixture] Product "Today's Coffee" not found, trying fallback...
]]>
</system-err>
</testcase>
<testcase name="@business-validation BIZ-COMPLIANCE-001: ZATCA VAT Compliance › should maintain sequential invoice numbering" classname="business-validation\compliance-checks.spec.ts" time="65.9">
<failure message="compliance-checks.spec.ts:324:5 should maintain sequential invoice numbering" type="FAILURE">
<![CDATA[  [business-validation] › business-validation\compliance-checks.spec.ts:324:5 › @business-validation BIZ-COMPLIANCE-001: ZATCA VAT Compliance › should maintain sequential invoice numbering 

    Error: expect(locator).toBeVisible() failed

    Locator: locator('[data-testid="invoice-number"], [data-testid="tax-invoice-number"]').first()
    Expected: visible
    Timeout: 3000ms
    Error: element(s) not found

    Call log:
      - Expect "toBeVisible" with timeout 3000ms
      - waiting for locator('[data-testid="invoice-number"], [data-testid="tax-invoice-number"]').first()


      350 |
      351 |             // With mocked ZATCA API, invoice number should be available immediately
    > 352 |             await expect(invoiceNumber.first()).toBeVisible({ timeout: 3000 });
          |                                                 ^
      353 |             const number = await invoiceNumber.first().textContent() || '';
      354 |             invoiceNumbers.push(number.trim());
      355 |             console.log(`Invoice ${i + 1}: ${number}`);
        at C:\Users\kemo-\nerd\frontend\e2e\tests\business-validation\compliance-checks.spec.ts:352:49

    attachment #1: screenshot (image/png) ──────────────────────────────────────────────────────────
    ..\..\test-results\business-validation-compli-9ff4f-equential-invoice-numbering-business-validation\test-failed-1.png
    ────────────────────────────────────────────────────────────────────────────────────────────────

    Error Context: ..\..\test-results\business-validation-compli-9ff4f-equential-invoice-numbering-business-validation\error-context.md

    Retry #1 ───────────────────────────────────────────────────────────────────────────────────────

    Test timeout of 30000ms exceeded.

    Error: expect(locator).toBeVisible() failed

    Locator: locator('[data-testid="invoice-number"], [data-testid="tax-invoice-number"]').first()
    Expected: visible
    Timeout: 3000ms
    Error: element(s) not found

    Call log:
      - Expect "toBeVisible" with timeout 3000ms
      - waiting for locator('[data-testid="invoice-number"], [data-testid="tax-invoice-number"]').first()


      350 |
      351 |             // With mocked ZATCA API, invoice number should be available immediately
    > 352 |             await expect(invoiceNumber.first()).toBeVisible({ timeout: 3000 });
          |                                                 ^
      353 |             const number = await invoiceNumber.first().textContent() || '';
      354 |             invoiceNumbers.push(number.trim());
      355 |             console.log(`Invoice ${i + 1}: ${number}`);
        at C:\Users\kemo-\nerd\frontend\e2e\tests\business-validation\compliance-checks.spec.ts:352:49

    attachment #1: screenshot (image/png) ──────────────────────────────────────────────────────────
    ..\..\test-results\business-validation-compli-9ff4f-equential-invoice-numbering-business-validation-retry1\test-failed-1.png
    ────────────────────────────────────────────────────────────────────────────────────────────────

    attachment #2: video (video/webm) ──────────────────────────────────────────────────────────────
    ..\..\test-results\business-validation-compli-9ff4f-equential-invoice-numbering-business-validation-retry1\video.webm
    ────────────────────────────────────────────────────────────────────────────────────────────────

    Error Context: ..\..\test-results\business-validation-compli-9ff4f-equential-invoice-numbering-business-validation-retry1\error-context.md

    attachment #4: trace (application/zip) ─────────────────────────────────────────────────────────
    ..\..\test-results\business-validation-compli-9ff4f-equential-invoice-numbering-business-validation-retry1\trace.zip
    Usage:

        npx playwright show-trace ..\..\test-results\business-validation-compli-9ff4f-equential-invoice-numbering-business-validation-retry1\trace.zip

    ────────────────────────────────────────────────────────────────────────────────────────────────
]]>
</failure>
<system-out>
<![CDATA[[Fixture] Navigating to POS page...
[Fixture] POS page loaded
[Fixture] Network idle
[Fixture] Session already open or no session required
[Fixture] Waiting for products to load...
[Fixture] Products loaded
Testing sequential invoice numbering...
[Fixture] Adding product: Fresh Juice
[Fixture] Clicked any available product card
[Fixture] Completing payment: cash
[Fixture] Clicked [data-testid="quick-cash-100"]
[Fixture] Looking for receipt display...
No success state found, continuing anyway

[[ATTACHMENT|..\..\test-results\business-validation-compli-9ff4f-equential-invoice-numbering-business-validation\test-failed-1.png]]

[[ATTACHMENT|..\..\test-results\business-validation-compli-9ff4f-equential-invoice-numbering-business-validation\error-context.md]]
[Fixture] Navigating to POS page...
[Fixture] POS page loaded
[Fixture] Network idle
[Fixture] Session already open or no session required
[Fixture] Waiting for products to load...
[Fixture] Products loaded
Testing sequential invoice numbering...
[Fixture] Adding product: Fresh Juice
[Fixture] Clicked any available product card
[Fixture] Completing payment: cash
[Fixture] Clicked [data-testid="quick-cash-100"]
[Fixture] Looking for receipt display...
No success state found, continuing anyway

[[ATTACHMENT|..\..\test-results\business-validation-compli-9ff4f-equential-invoice-numbering-business-validation-retry1\test-failed-1.png]]

[[ATTACHMENT|..\..\test-results\business-validation-compli-9ff4f-equential-invoice-numbering-business-validation-retry1\video.webm]]

[[ATTACHMENT|..\..\test-results\business-validation-compli-9ff4f-equential-invoice-numbering-business-validation-retry1\error-context.md]]

[[ATTACHMENT|..\..\test-results\business-validation-compli-9ff4f-equential-invoice-numbering-business-validation-retry1\trace.zip]]
]]>
</system-out>
<system-err>
<![CDATA[[Fixture] Product "Fresh Juice" not found, trying fallback...
[Fixture] Product "Fresh Juice" not found, trying fallback...
]]>
</system-err>
</testcase>
<testcase name="@business-validation BIZ-COMPLIANCE-002: Audit Trail › should maintain audit trail for all transactions" classname="business-validation\compliance-checks.spec.ts" time="19.858">
<system-out>
<![CDATA[[Fixture] Navigating to POS page...
[Fixture] POS page loaded
[Fixture] Network idle
[Fixture] Session already open or no session required
[Fixture] Waiting for products to load...
[Fixture] Products loaded
Testing audit trail maintenance...
Audit log page not available
Audit entries found: 0
]]>
</system-out>
</testcase>
<testcase name="@business-validation BIZ-COMPLIANCE-002: Audit Trail › should log all state changes with timestamps" classname="business-validation\compliance-checks.spec.ts" time="60.609">
<failure message="compliance-checks.spec.ts:447:5 should log all state changes with timestamps" type="FAILURE">
<![CDATA[  [business-validation] › business-validation\compliance-checks.spec.ts:447:5 › @business-validation BIZ-COMPLIANCE-002: Audit Trail › should log all state changes with timestamps 

    Test timeout of 30000ms exceeded.

    attachment #1: screenshot (image/png) ──────────────────────────────────────────────────────────
    ..\..\test-results\business-validation-compli-07e5e-ate-changes-with-timestamps-business-validation\test-failed-1.png
    ────────────────────────────────────────────────────────────────────────────────────────────────

    Error Context: ..\..\test-results\business-validation-compli-07e5e-ate-changes-with-timestamps-business-validation\error-context.md

    Retry #1 ───────────────────────────────────────────────────────────────────────────────────────

    Test timeout of 30000ms exceeded.

    attachment #1: screenshot (image/png) ──────────────────────────────────────────────────────────
    ..\..\test-results\business-validation-compli-07e5e-ate-changes-with-timestamps-business-validation-retry1\test-failed-1.png
    ────────────────────────────────────────────────────────────────────────────────────────────────

    attachment #2: video (video/webm) ──────────────────────────────────────────────────────────────
    ..\..\test-results\business-validation-compli-07e5e-ate-changes-with-timestamps-business-validation-retry1\video.webm
    ────────────────────────────────────────────────────────────────────────────────────────────────

    Error Context: ..\..\test-results\business-validation-compli-07e5e-ate-changes-with-timestamps-business-validation-retry1\error-context.md

    attachment #4: trace (application/zip) ─────────────────────────────────────────────────────────
    ..\..\test-results\business-validation-compli-07e5e-ate-changes-with-timestamps-business-validation-retry1\trace.zip
    Usage:

        npx playwright show-trace ..\..\test-results\business-validation-compli-07e5e-ate-changes-with-timestamps-business-validation-retry1\trace.zip

    ────────────────────────────────────────────────────────────────────────────────────────────────
]]>
</failure>
<system-out>
<![CDATA[[Fixture] Navigating to POS page...
[Fixture] POS page loaded
[Fixture] Network idle
[Fixture] Session already open or no session required
[Fixture] Waiting for products to load...
[Fixture] Products loaded
Testing state change logging...
[Fixture] Adding product: Classic Latte
[Fixture] Clicked any available product card
[Fixture] Completing payment: cash
[Fixture] Clicked [data-testid="quick-cash-100"]
[Fixture] Looking for receipt display...
Order history not available

[[ATTACHMENT|..\..\test-results\business-validation-compli-07e5e-ate-changes-with-timestamps-business-validation\test-failed-1.png]]

[[ATTACHMENT|..\..\test-results\business-validation-compli-07e5e-ate-changes-with-timestamps-business-validation\error-context.md]]
[Fixture] Navigating to POS page...
[Fixture] POS page loaded
[Fixture] Network idle
[Fixture] Session already open or no session required
[Fixture] Waiting for products to load...
[Fixture] Products loaded
Testing state change logging...
[Fixture] Adding product: Classic Latte
[Fixture] Clicked any available product card
[Fixture] Completing payment: cash
[Fixture] Clicked [data-testid="quick-cash-100"]
[Fixture] Looking for receipt display...
Order history not available

[[ATTACHMENT|..\..\test-results\business-validation-compli-07e5e-ate-changes-with-timestamps-business-validation-retry1\test-failed-1.png]]

[[ATTACHMENT|..\..\test-results\business-validation-compli-07e5e-ate-changes-with-timestamps-business-validation-retry1\video.webm]]

[[ATTACHMENT|..\..\test-results\business-validation-compli-07e5e-ate-changes-with-timestamps-business-validation-retry1\error-context.md]]

[[ATTACHMENT|..\..\test-results\business-validation-compli-07e5e-ate-changes-with-timestamps-business-validation-retry1\trace.zip]]
]]>
</system-out>
<system-err>
<![CDATA[[Fixture] Product "Classic Latte" not found, trying fallback...
[Fixture] Product "Classic Latte" not found, trying fallback...
]]>
</system-err>
</testcase>
<testcase name="@business-validation BIZ-COMPLIANCE-003: Currency Handling › should handle calculations with proper rounding" classname="business-validation\compliance-checks.spec.ts" time="24.127">
<failure message="compliance-checks.spec.ts:523:5 should handle calculations with proper rounding" type="FAILURE">
<![CDATA[  [business-validation] › business-validation\compliance-checks.spec.ts:523:5 › @business-validation BIZ-COMPLIANCE-003: Currency Handling › should handle calculations with proper rounding 

    Error: locator.textContent: Error: strict mode violation: locator('[data-testid="cart-item"]').first().locator('[data-testid="item-price"], [data-testid="line-price"]') resolved to 2 elements:
        1) <p data-theme="dark" data-testid="item-price" class="text-xs font-bold text-cyan-400 data-[theme=light]:text-cyan-700 data-[theme=luxury]:text-amber-400">…</p> aka getByTestId('item-price')
        2) <p data-theme="dark" data-testid="line-price" class="text-[10px] text-slate-500 data-[theme=light]:text-slate-400">2 × 10</p> aka getByTestId('line-price')

    Call log:
      - waiting for locator('[data-testid="cart-item"]').first().locator('[data-testid="item-price"], [data-testid="line-price"]')


      544 |             const item = lineItems.nth(i);
      545 |             const priceElement = item.locator('[data-testid="item-price"], [data-testid="line-price"]');
    > 546 |             const priceText = await priceElement.textContent() || '0';
          |                                                  ^
      547 |             const price = parseFloat(priceText.replace(/[^0-9.]/g, '') || '0');
      548 |             calculatedTotal += price;
      549 |         }
        at C:\Users\kemo-\nerd\frontend\e2e\tests\business-validation\compliance-checks.spec.ts:546:50

    attachment #1: screenshot (image/png) ──────────────────────────────────────────────────────────
    ..\..\test-results\business-validation-compli-4bcbc-ations-with-proper-rounding-business-validation\test-failed-1.png
    ────────────────────────────────────────────────────────────────────────────────────────────────

    Error Context: ..\..\test-results\business-validation-compli-4bcbc-ations-with-proper-rounding-business-validation\error-context.md

    Retry #1 ───────────────────────────────────────────────────────────────────────────────────────

    Error: locator.textContent: Error: strict mode violation: locator('[data-testid="cart-item"]').first().locator('[data-testid="item-price"], [data-testid="line-price"]') resolved to 2 elements:
        1) <p data-theme="dark" data-testid="item-price" class="text-xs font-bold text-cyan-400 data-[theme=light]:text-cyan-700 data-[theme=luxury]:text-amber-400">…</p> aka getByTestId('item-price')
        2) <p data-theme="dark" data-testid="line-price" class="text-[10px] text-slate-500 data-[theme=light]:text-slate-400">2 × 10</p> aka getByTestId('line-price')

    Call log:
      - waiting for locator('[data-testid="cart-item"]').first().locator('[data-testid="item-price"], [data-testid="line-price"]')


      544 |             const item = lineItems.nth(i);
      545 |             const priceElement = item.locator('[data-testid="item-price"], [data-testid="line-price"]');
    > 546 |             const priceText = await priceElement.textContent() || '0';
          |                                                  ^
      547 |             const price = parseFloat(priceText.replace(/[^0-9.]/g, '') || '0');
      548 |             calculatedTotal += price;
      549 |         }
        at C:\Users\kemo-\nerd\frontend\e2e\tests\business-validation\compliance-checks.spec.ts:546:50

    attachment #1: screenshot (image/png) ──────────────────────────────────────────────────────────
    ..\..\test-results\business-validation-compli-4bcbc-ations-with-proper-rounding-business-validation-retry1\test-failed-1.png
    ────────────────────────────────────────────────────────────────────────────────────────────────

    attachment #2: video (video/webm) ──────────────────────────────────────────────────────────────
    ..\..\test-results\business-validation-compli-4bcbc-ations-with-proper-rounding-business-validation-retry1\video.webm
    ────────────────────────────────────────────────────────────────────────────────────────────────

    Error Context: ..\..\test-results\business-validation-compli-4bcbc-ations-with-proper-rounding-business-validation-retry1\error-context.md

    attachment #4: trace (application/zip) ─────────────────────────────────────────────────────────
    ..\..\test-results\business-validation-compli-4bcbc-ations-with-proper-rounding-business-validation-retry1\trace.zip
    Usage:

        npx playwright show-trace ..\..\test-results\business-validation-compli-4bcbc-ations-with-proper-rounding-business-validation-retry1\trace.zip

    ────────────────────────────────────────────────────────────────────────────────────────────────
]]>
</failure>
<system-out>
<![CDATA[[Fixture] Navigating to POS page...
[Fixture] POS page loaded
[Fixture] Network idle
[Fixture] Session already open or no session required
[Fixture] Waiting for products to load...
[Fixture] Products loaded
Testing currency rounding...
[Fixture] Adding product: Today's Coffee
[Fixture] Clicked any available product card
[Fixture] Adding product: Classic Latte
[Fixture] Clicked any available product card

[[ATTACHMENT|..\..\test-results\business-validation-compli-4bcbc-ations-with-proper-rounding-business-validation\test-failed-1.png]]

[[ATTACHMENT|..\..\test-results\business-validation-compli-4bcbc-ations-with-proper-rounding-business-validation\error-context.md]]
[Fixture] Navigating to POS page...
[Fixture] POS page loaded
[Fixture] Network idle
[Fixture] Session already open or no session required
[Fixture] Waiting for products to load...
[Fixture] Products loaded
Testing currency rounding...
[Fixture] Adding product: Today's Coffee
[Fixture] Clicked any available product card
[Fixture] Adding product: Classic Latte
[Fixture] Clicked any available product card

[[ATTACHMENT|..\..\test-results\business-validation-compli-4bcbc-ations-with-proper-rounding-business-validation-retry1\test-failed-1.png]]

[[ATTACHMENT|..\..\test-results\business-validation-compli-4bcbc-ations-with-proper-rounding-business-validation-retry1\video.webm]]

[[ATTACHMENT|..\..\test-results\business-validation-compli-4bcbc-ations-with-proper-rounding-business-validation-retry1\error-context.md]]

[[ATTACHMENT|..\..\test-results\business-validation-compli-4bcbc-ations-with-proper-rounding-business-validation-retry1\trace.zip]]
]]>
</system-out>
<system-err>
<![CDATA[[Fixture] Product "Today's Coffee" not found, trying fallback...
[Fixture] Product "Classic Latte" not found, trying fallback...
[Fixture] Product "Today's Coffee" not found, trying fallback...
[Fixture] Product "Classic Latte" not found, trying fallback...
]]>
</system-err>
</testcase>
<testcase name="@business-validation BIZ-COMPLIANCE-003: Currency Handling › should display currency symbol correctly" classname="business-validation\compliance-checks.spec.ts" time="9.624">
<system-out>
<![CDATA[[Fixture] Navigating to POS page...
[Fixture] POS page loaded
[Fixture] Network idle
[Fixture] Session already open or no session required
[Fixture] Waiting for products to load...
[Fixture] Products loaded
[Fixture] Adding product: Fresh Juice
[Fixture] Clicked any available product card
Currency display: الإجمالي‏١١٫٥٠ ر.س.‏
]]>
</system-out>
<system-err>
<![CDATA[[Fixture] Product "Fresh Juice" not found, trying fallback...
]]>
</system-err>
</testcase>
</testsuite>
</testsuites>